<?xml version="1.0" encoding="UTF-8"?>
<!-- Generated by org.testng.reporters.JUnitReportReporter -->
<testsuite hostname="LAPTOP-HRUGKAV2" failures="0" tests="1" name="com.autdeskcrm.conatcttest.CopyOtherAddressTest" time="62.223" errors="0" timestamp="24 Sep 2020 21:06:09 GMT">
  <testcase classname="com.autdeskcrm.conatcttest.CopyOtherAddressTest" name="CopyOtherAddress" time="62.223"/>
</testsuite> <!-- com.autdeskcrm.conatcttest.CopyOtherAddressTest -->
