<?xml version="1.0" encoding="UTF-8"?>
<!-- Generated by org.testng.reporters.JUnitReportReporter -->
<testsuite hostname="LAPTOP-HRUGKAV2" failures="0" tests="1" name="com.autdeskcrm.conatcttest.CreateNewGroupInSettingsTest" time="162.434" errors="0" timestamp="23 Sep 2020 07:29:20 GMT">
  <testcase classname="com.autdeskcrm.conatcttest.CreateNewGroupInSettingsTest" name="CreateNewGroupInSettings" time="162.434"/>
</testsuite> <!-- com.autdeskcrm.conatcttest.CreateNewGroupInSettingsTest -->
