<?xml version="1.0" encoding="UTF-8"?>
<!-- Generated by org.testng.reporters.JUnitReportReporter -->
<testsuite hostname="LAPTOP-HRUGKAV2" failures="0" tests="1" name="com.autdeskcrm.conatcttest.EnterBirthDateSameAsCurrentDateTest" time="96.933" errors="0" timestamp="22 Sep 2020 07:42:07 GMT">
  <testcase classname="com.autdeskcrm.conatcttest.EnterBirthDateSameAsCurrentDateTest" name="EnterBirthDateSameAsCurrentDate" time="96.933"/>
</testsuite> <!-- com.autdeskcrm.conatcttest.EnterBirthDateSameAsCurrentDateTest -->
