<?xml version="1.0" encoding="UTF-8"?>
<!-- Generated by org.testng.reporters.JUnitReportReporter -->
<testsuite hostname="LAPTOP-HRUGKAV2" failures="0" tests="1" name="com.autdeskcrm.conatcttest.CreateFilter" time="85.970" errors="0" timestamp="24 Sep 2020 20:37:32 GMT">
  <testcase classname="com.autdeskcrm.conatcttest.CreateFilter" name="CreateNewFilter" time="85.970"/>
</testsuite> <!-- com.autdeskcrm.conatcttest.CreateFilter -->
