<?xml version="1.0" encoding="UTF-8"?>
<!-- Generated by org.testng.reporters.JUnitReportReporter -->
<testsuite skipped="0" hostname="MECHANICAL" name="com.autdeskcrm.conatcttest.CreateContactWithCopyOtherAddress" tests="1" failures="0" timestamp="21 Sep 2020 06:24:17 GMT" time="14.359" errors="0">
  <testcase name="ContactWithCopyMailingAddress" time="14.359" classname="com.autdeskcrm.conatcttest.CreateContactWithCopyOtherAddress"/>
</testsuite> <!-- com.autdeskcrm.conatcttest.CreateContactWithCopyOtherAddress -->
