<?xml version="1.0" encoding="UTF-8"?>
<!-- Generated by org.testng.reporters.JUnitReportReporter -->
<testsuite skipped="0" hostname="MECHANICAL" name="com.autdeskcrm.conatcttest.CreateContactWithCopyMailingAddress" tests="1" failures="0" timestamp="21 Sep 2020 06:26:35 GMT" time="15.219" errors="0">
  <testcase name="ContactWithCopyMailingAddress" time="15.219" classname="com.autdeskcrm.conatcttest.CreateContactWithCopyMailingAddress"/>
</testsuite> <!-- com.autdeskcrm.conatcttest.CreateContactWithCopyMailingAddress -->
