<?xml version="1.0" encoding="UTF-8"?>
<!-- Generated by org.testng.reporters.JUnitReportReporter -->
<testsuite hostname="LAPTOP-HRUGKAV2" failures="0" tests="1" name="com.autdeskcrm.conatcttest.SelectSalutionFromDropDownInCreateContactTest" time="96.381" errors="0" timestamp="22 Sep 2020 07:26:47 GMT">
  <testcase classname="com.autdeskcrm.conatcttest.SelectSalutionFromDropDownInCreateContactTest" name="selectSalutionFromDropDown" time="96.381"/>
</testsuite> <!-- com.autdeskcrm.conatcttest.SelectSalutionFromDropDownInCreateContactTest -->
