<?xml version="1.0" encoding="UTF-8"?>
<!-- Generated by org.testng.reporters.JUnitReportReporter -->
<testsuite hostname="LAPTOP-HRUGKAV2" failures="0" tests="1" name="com.autdeskcrm.conatcttest.CreateNewRoleTest" time="30.883" errors="0" timestamp="23 Sep 2020 20:36:23 GMT">
  <testcase classname="com.autdeskcrm.conatcttest.CreateNewRoleTest" name="createNewRole" time="30.883"/>
</testsuite> <!-- com.autdeskcrm.conatcttest.CreateNewRoleTest -->
